<?xml version="1.0" encoding="UTF-8"?>
<!-- Generated by org.testng.reporters.JUnitReportReporter -->
<testsuite skipped="0" hostname="meepande-Mac" name="com.shopping.cart.runner.RunCucumberTest" tests="1" failures="0" timestamp="2020-09-23T11:04:26 BST" time="20.776" errors="0">
  <testcase name="feature" time="20.776" classname="com.shopping.cart.runner.RunCucumberTest"/>
  <system-out/>
</testsuite> <!-- com.shopping.cart.runner.RunCucumberTest -->
